c:\users\liliamelena\source\repos\gpa434_lab1\gpa434ezappproject\x64\debug\vc143.pdb
c:\users\liliamelena\source\repos\gpa434_lab1\gpa434ezappproject\x64\debug\vc143.idb
c:\users\liliamelena\source\repos\gpa434_lab1\gpa434ezappproject\x64\debug\vect2d.obj
c:\users\liliamelena\source\repos\gpa434_lab1\gpa434ezappproject\x64\debug\spaceship.obj
c:\users\liliamelena\source\repos\gpa434_lab1\gpa434ezappproject\x64\debug\polygon.obj
c:\users\liliamelena\source\repos\gpa434_lab1\gpa434ezappproject\x64\debug\main.obj
c:\users\liliamelena\source\repos\gpa434_lab1\gpa434ezappproject\x64\debug\gameengine.obj
c:\users\liliamelena\source\repos\gpa434_lab1\gpa434ezappproject\x64\debug\color.obj
c:\users\liliamelena\source\repos\gpa434_lab1\gpa434ezappproject\x64\debug\collision.obj
c:\users\liliamelena\source\repos\gpa434_lab1\gpa434ezappproject\x64\debug\asteroid.obj
c:\users\liliamelena\source\repos\gpa434_lab1\x64\debug\gpa434ezappproject.pdb
c:\users\liliamelena\source\repos\gpa434_lab1\gpa434ezappproject\x64\debug\gpa434ez.4b3c8c6e.tlog\cl.command.1.tlog
c:\users\liliamelena\source\repos\gpa434_lab1\gpa434ezappproject\x64\debug\gpa434ez.4b3c8c6e.tlog\cl.read.1.tlog
c:\users\liliamelena\source\repos\gpa434_lab1\gpa434ezappproject\x64\debug\gpa434ez.4b3c8c6e.tlog\cl.write.1.tlog
c:\users\liliamelena\source\repos\gpa434_lab1\gpa434ezappproject\x64\debug\gpa434ez.4b3c8c6e.tlog\link-cvtres.read.1.tlog
c:\users\liliamelena\source\repos\gpa434_lab1\gpa434ezappproject\x64\debug\gpa434ez.4b3c8c6e.tlog\link-cvtres.write.1.tlog
c:\users\liliamelena\source\repos\gpa434_lab1\gpa434ezappproject\x64\debug\gpa434ez.4b3c8c6e.tlog\link-rc.read.1.tlog
c:\users\liliamelena\source\repos\gpa434_lab1\gpa434ezappproject\x64\debug\gpa434ez.4b3c8c6e.tlog\link-rc.write.1.tlog
c:\users\liliamelena\source\repos\gpa434_lab1\gpa434ezappproject\x64\debug\gpa434ez.4b3c8c6e.tlog\link.11164-cvtres.read.1.tlog
c:\users\liliamelena\source\repos\gpa434_lab1\gpa434ezappproject\x64\debug\gpa434ez.4b3c8c6e.tlog\link.11164-cvtres.write.1.tlog
c:\users\liliamelena\source\repos\gpa434_lab1\gpa434ezappproject\x64\debug\gpa434ez.4b3c8c6e.tlog\link.11164-rc.read.1.tlog
c:\users\liliamelena\source\repos\gpa434_lab1\gpa434ezappproject\x64\debug\gpa434ez.4b3c8c6e.tlog\link.11164-rc.write.1.tlog
c:\users\liliamelena\source\repos\gpa434_lab1\gpa434ezappproject\x64\debug\gpa434ez.4b3c8c6e.tlog\link.11164.read.1.tlog
c:\users\liliamelena\source\repos\gpa434_lab1\gpa434ezappproject\x64\debug\gpa434ez.4b3c8c6e.tlog\link.11164.read.2.tlog
c:\users\liliamelena\source\repos\gpa434_lab1\gpa434ezappproject\x64\debug\gpa434ez.4b3c8c6e.tlog\link.11164.write.1.tlog
c:\users\liliamelena\source\repos\gpa434_lab1\gpa434ezappproject\x64\debug\gpa434ez.4b3c8c6e.tlog\link.command.1.tlog
c:\users\liliamelena\source\repos\gpa434_lab1\gpa434ezappproject\x64\debug\gpa434ez.4b3c8c6e.tlog\link.read.1.tlog
c:\users\liliamelena\source\repos\gpa434_lab1\gpa434ezappproject\x64\debug\gpa434ez.4b3c8c6e.tlog\link.read.2.tlog
c:\users\liliamelena\source\repos\gpa434_lab1\gpa434ezappproject\x64\debug\gpa434ez.4b3c8c6e.tlog\link.write.1.tlog
